# JRE version: Java(TM) SE Runtime Environment (8.0_144-b01) (build 1.8.0_144-b01)
# Java VM: Java HotSpot(TM) 64-Bit Server VM (25.144-b01 mixed mode bsd-amd64 compressed oops)
Heap:
 PSYoungGen      total 588800K, used 247902K [0x0000000795580000, 0x00000007c0000000, 0x00000007c0000000)
  eden space 485376K, 34% used [0x0000000795580000,0x000000079fb26eb0,0x00000007b2f80000)
  from space 103424K, 75% used [0x00000007b2f80000,0x00000007b7bf0b30,0x00000007b9480000)
  to   space 103936K, 0% used [0x00000007b9a80000,0x00000007b9a80000,0x00000007c0000000)
 ParOldGen       total 351744K, used 117974K [0x0000000740000000, 0x0000000755780000, 0x0000000795580000)
  object space 351744K, 33% used [0x0000000740000000,0x0000000747335a00,0x0000000755780000)
 Metaspace       used 560069K, capacity 570334K, committed 572796K, reserved 1544192K
  class space    used 73783K, capacity 78380K, committed 78768K, reserved 1048576K
GC Heap History (10 events):
Event: 12036.474 GC heap before
{Heap before GC invocations=51 (full 8):
 PSYoungGen      total 580096K, used 39115K [0x0000000795580000, 0x00000007c0000000, 0x00000007c0000000)
  eden space 472064K, 0% used [0x0000000795580000,0x0000000795580000,0x00000007b2280000)
  from space 108032K, 36% used [0x00000007b2280000,0x00000007b48b2cd0,0x00000007b8c00000)
  to   space 110080K, 0% used [0x00000007b9480000,0x00000007b9480000,0x00000007c0000000)
 ParOldGen       total 329216K, used 126868K [0x0000000740000000, 0x0000000754180000, 0x0000000795580000)
  object space 329216K, 38% used [0x0000000740000000,0x0000000747be5050,0x0000000754180000)
 Metaspace       used 506918K, capacity 524776K, committed 525028K, reserved 1497088K
  class space    used 67095K, capacity 77118K, committed 77232K, reserved 1048576K
Event: 12037.759 GC heap after
Heap after GC invocations=51 (full 8):
 PSYoungGen      total 580096K, used 0K [0x0000000795580000, 0x00000007c0000000, 0x00000007c0000000)
  eden space 472064K, 0% used [0x0000000795580000,0x0000000795580000,0x00000007b2280000)
  from space 108032K, 0% used [0x00000007b2280000,0x00000007b2280000,0x00000007b8c00000)
  to   space 110080K, 0% used [0x00000007b9480000,0x00000007b9480000,0x00000007c0000000)
 ParOldGen       total 351744K, used 110705K [0x0000000740000000, 0x0000000755780000, 0x0000000795580000)
  object space 351744K, 31% used [0x0000000740000000,0x0000000746c1c5b8,0x0000000755780000)
 Metaspace       used 501831K, capacity 506334K, committed 525028K, reserved 1497088K
  class space    used 65816K, capacity 66717K, committed 77232K, reserved 1048576K
}
Event: 12342.001 GC heap before
{Heap before GC invocations=52 (full 8):
 PSYoungGen      total 580096K, used 472064K [0x0000000795580000, 0x00000007c0000000, 0x00000007c0000000)
  eden space 472064K, 100% used [0x0000000795580000,0x00000007b2280000,0x00000007b2280000)
  from space 108032K, 0% used [0x00000007b2280000,0x00000007b2280000,0x00000007b8c00000)
  to   space 110080K, 0% used [0x00000007b9480000,0x00000007b9480000,0x00000007c0000000)
 ParOldGen       total 351744K, used 110705K [0x0000000740000000, 0x0000000755780000, 0x0000000795580000)
  object space 351744K, 31% used [0x0000000740000000,0x0000000746c1c5b8,0x0000000755780000)
 Metaspace       used 517854K, capacity 525028K, committed 533884K, reserved 1505280K
  class space    used 67956K, capacity 70646K, committed 77232K, reserved 1048576K
Event: 12342.263 GC heap after
Heap after GC invocations=52 (full 8):
 PSYoungGen      total 587776K, used 56407K [0x0000000795580000, 0x00000007bfd00000, 0x00000007c0000000)
  eden space 480768K, 0% used [0x0000000795580000,0x0000000795580000,0x00000007b2b00000)
  from space 107008K, 52% used [0x00000007b9480000,0x00000007bcb95e00,0x00000007bfd00000)
  to   space 107520K, 0% used [0x00000007b2b00000,0x00000007b2b00000,0x00000007b9400000)
 ParOldGen       total 351744K, used 110713K [0x0000000740000000, 0x0000000755780000, 0x0000000795580000)
  object space 351744K, 31% used [0x0000000740000000,0x0000000746c1e5b8,0x0000000755780000)
 Metaspace       used 517854K, capacity 525028K, committed 533884K, reserved 1505280K
  class space    used 67956K, capacity 70646K, committed 77232K, reserved 1048576K
}
Event: 12344.090 GC heap before
{Heap before GC invocations=53 (full 8):
 PSYoungGen      total 587776K, used 537175K [0x0000000795580000, 0x00000007bfd00000, 0x00000007c0000000)
  eden space 480768K, 100% used [0x0000000795580000,0x00000007b2b00000,0x00000007b2b00000)
  from space 107008K, 52% used [0x00000007b9480000,0x00000007bcb95e00,0x00000007bfd00000)
  to   space 107520K, 0% used [0x00000007b2b00000,0x00000007b2b00000,0x00000007b9400000)
 ParOldGen       total 351744K, used 110713K [0x0000000740000000, 0x0000000755780000, 0x0000000795580000)
  object space 351744K, 31% used [0x0000000740000000,0x0000000746c1e5b8,0x0000000755780000)
 Metaspace       used 522454K, capacity 529714K, committed 537980K, reserved 1509376K
  class space    used 68630K, capacity 71338K, committed 77232K, reserved 1048576K
Event: 12344.243 GC heap after
Heap after GC invocations=53 (full 8):
 PSYoungGen      total 588288K, used 72749K [0x0000000795580000, 0x00000007bfd80000, 0x00000007c0000000)
  eden space 480768K, 0% used [0x0000000795580000,0x0000000795580000,0x00000007b2b00000)
  from space 107520K, 67% used [0x00000007b2b00000,0x00000007b720b6c0,0x00000007b9400000)
  to   space 105984K, 0% used [0x00000007b9600000,0x00000007b9600000,0x00000007bfd80000)
 ParOldGen       total 351744K, used 110721K [0x0000000740000000, 0x0000000755780000, 0x0000000795580000)
  object space 351744K, 31% used [0x0000000740000000,0x0000000746c205b8,0x0000000755780000)
 Metaspace       used 522454K, capacity 529714K, committed 537980K, reserved 1509376K
  class space    used 68630K, capacity 71338K, committed 77232K, reserved 1048576K
}
Event: 12509.616 GC heap before
{Heap before GC invocations=54 (full 8):
 PSYoungGen      total 588288K, used 553517K [0x0000000795580000, 0x00000007bfd80000, 0x00000007c0000000)
  eden space 480768K, 100% used [0x0000000795580000,0x00000007b2b00000,0x00000007b2b00000)
  from space 107520K, 67% used [0x00000007b2b00000,0x00000007b720b6c0,0x00000007b9400000)
  to   space 105984K, 0% used [0x00000007b9600000,0x00000007b9600000,0x00000007bfd80000)
 ParOldGen       total 351744K, used 110721K [0x0000000740000000, 0x0000000755780000, 0x0000000795580000)
  object space 351744K, 31% used [0x0000000740000000,0x0000000746c205b8,0x0000000755780000)
 Metaspace       used 555723K, capacity 565936K, committed 568316K, reserved 1540096K
  class space    used 73138K, capacity 77720K, committed 78128K, reserved 1048576K
Event: 12509.773 GC heap after
Heap after GC invocations=54 (full 8):
 PSYoungGen      total 587264K, used 58710K [0x0000000795580000, 0x00000007bf980000, 0x00000007c0000000)
  eden space 485376K, 0% used [0x0000000795580000,0x0000000795580000,0x00000007b2f80000)
  from space 101888K, 57% used [0x00000007b9600000,0x00000007bcf559a0,0x00000007bf980000)
  to   space 103424K, 0% used [0x00000007b2f80000,0x00000007b2f80000,0x00000007b9480000)
 ParOldGen       total 351744K, used 110745K [0x0000000740000000, 0x0000000755780000, 0x0000000795580000)
  object space 351744K, 31% used [0x0000000740000000,0x0000000746c265b8,0x0000000755780000)
 Metaspace       used 555723K, capacity 565936K, committed 568316K, reserved 1540096K
  class space    used 73138K, capacity 77720K, committed 78128K, reserved 1048576K
}
Event: 12512.121 GC heap before
{Heap before GC invocations=55 (full 8):
 PSYoungGen      total 587264K, used 544086K [0x0000000795580000, 0x00000007bf980000, 0x00000007c0000000)
  eden space 485376K, 100% used [0x0000000795580000,0x00000007b2f80000,0x00000007b2f80000)
  from space 101888K, 57% used [0x00000007b9600000,0x00000007bcf559a0,0x00000007bf980000)
  to   space 103424K, 0% used [0x00000007b2f80000,0x00000007b2f80000,0x00000007b9480000)
 ParOldGen       total 351744K, used 110745K [0x0000000740000000, 0x0000000755780000, 0x0000000795580000)
  object space 351744K, 31% used [0x0000000740000000,0x0000000746c265b8,0x0000000755780000)
 Metaspace       used 555723K, capacity 565936K, committed 568316K, reserved 1540096K
  class space    used 73138K, capacity 77720K, committed 78128K, reserved 1048576K
Event: 12512.180 GC heap after
Heap after GC invocations=55 (full 8):
 PSYoungGen      total 588800K, used 78274K [0x0000000795580000, 0x00000007c0000000, 0x00000007c0000000)
  eden space 485376K, 0% used [0x0000000795580000,0x0000000795580000,0x00000007b2f80000)
  from space 103424K, 75% used [0x00000007b2f80000,0x00000007b7bf0b30,0x00000007b9480000)
  to   space 103936K, 0% used [0x00000007b9a80000,0x00000007b9a80000,0x00000007c0000000)
 ParOldGen       total 351744K, used 117974K [0x0000000740000000, 0x0000000755780000, 0x0000000795580000)
  object space 351744K, 33% used [0x0000000740000000,0x0000000747335a00,0x0000000755780000)
 Metaspace       used 555723K, capacity 565936K, committed 568316K, reserved 1540096K
  class space    used 73138K, capacity 77720K, committed 78128K, reserved 1048576K
}

